[debug] [2021-02-04T22:36:30.836Z] ----------------------------------------------------------------------
[debug] [2021-02-04T22:36:30.841Z] Command:       C:\Program Files\nodejs\node.exe C:\Users\kanu0\AppData\Roaming\npm\node_modules\firebase-tools\lib\bin\firebase.js init
[debug] [2021-02-04T22:36:30.842Z] CLI Version:   9.3.0
[debug] [2021-02-04T22:36:30.843Z] Platform:      win32
[debug] [2021-02-04T22:36:30.843Z] Node Version:  v14.15.3
[debug] [2021-02-04T22:36:30.845Z] Time:          Fri Feb 05 2021 04:06:30 GMT+0530 (India Standard Time)
[debug] [2021-02-04T22:36:30.845Z] ----------------------------------------------------------------------
[debug] [2021-02-04T22:36:30.845Z] 
[debug] [2021-02-04T22:36:30.855Z] > command requires scopes: ["email","openid","https://www.googleapis.com/auth/cloudplatformprojects.readonly","https://www.googleapis.com/auth/firebase","https://www.googleapis.com/auth/cloud-platform"]
[debug] [2021-02-04T22:36:30.855Z] > authorizing via signed-in user
[info] 
     ######## #### ########  ######## ########     ###     ######  ########
     ##        ##  ##     ## ##       ##     ##  ##   ##  ##       ##
     ######    ##  ########  ######   ########  #########  ######  ######
     ##        ##  ##    ##  ##       ##     ## ##     ##       ## ##
     ##       #### ##     ## ######## ########  ##     ##  ######  ########

You're about to initialize a Firebase project in this directory:

  D:\todo-list

[info] 
=== Project Setup
[info] 
[info] First, let's associate this project directory with a Firebase project.
[info] You can create multiple project aliases by running firebase use --add, 
[info] but for now we'll just set up a default project.
[info] 
[debug] [2021-02-04T22:37:44.121Z] >>> [apiv2][query] GET https://firebase.googleapis.com/v1beta1/projects pageSize=100
[debug] [2021-02-04T22:37:46.784Z] <<< [apiv2][status] GET https://firebase.googleapis.com/v1beta1/projects 200
[debug] [2021-02-04T22:37:46.785Z] <<< [apiv2][body] GET https://firebase.googleapis.com/v1beta1/projects [omitted]
[info] i  Using project todo-list-9defd (todo-list) 
[info] 
=== Hosting Setup
[info] 
[info] Your public directory is the folder (relative to your project directory) that
[info] will contain Hosting assets to be uploaded with firebase deploy. If you
[info] have a build process for your assets, use your build's output directory.
[info] 
